{"name":"testForSum","status":"failed","statusDetails":{"known":false,"muted":false,"flaky":false,"message":"Ð¡ÑƒÐ¼Ð¼Ð° Ñ�Ð»Ð°Ð³Ð°ÐµÐ¼Ñ‹Ñ… Ð½Ðµ Ñ�Ð¾Ð¾Ñ‚Ð²ÐµÑ‚Ñ�Ñ‚Ð²ÑƒÐµÑ‚ Ð¾Ð¶Ð¸Ð´Ð°ÐµÐ¼Ð¾Ð¼Ñƒ Ð·Ð½Ð°Ñ‡ÐµÐ½Ð¸ÑŽ did not expect to find [true] but found [false]","trace":"java.lang.AssertionError: Ð¡ÑƒÐ¼Ð¼Ð° Ñ�Ð»Ð°Ð³Ð°ÐµÐ¼Ñ‹Ñ… Ð½Ðµ Ñ�Ð¾Ð¾Ñ‚Ð²ÐµÑ‚Ñ�Ñ‚Ð²ÑƒÐµÑ‚ Ð¾Ð¶Ð¸Ð´Ð°ÐµÐ¼Ð¾Ð¼Ñƒ Ð·Ð½Ð°Ñ‡ÐµÐ½Ð¸ÑŽ did not expect to find [true] but found [false]\r\n\tat org.testng.Assert.fail(Assert.java:97)\r\n\tat org.testng.Assert.failNotEquals(Assert.java:969)\r\n\tat org.testng.Assert.assertTrue(Assert.java:43)\r\n\tat allure.checkSumStep(allure.java:22)\r\n\tat allure.testForSum(allure.java:18)\r\n\tat sun.reflect.NativeMethodAccessorImpl.invoke0(Native Method)\r\n\tat sun.reflect.NativeMethodAccessorImpl.invoke(NativeMethodAccessorImpl.java:62)\r\n\tat sun.reflect.DelegatingMethodAccessorImpl.invoke(DelegatingMethodAccessorImpl.java:43)\r\n\tat java.lang.reflect.Method.invoke(Method.java:498)\r\n\tat org.testng.internal.MethodInvocationHelper.invokeMethod(MethodInvocationHelper.java:133)\r\n\tat org.testng.internal.TestInvoker.invokeMethod(TestInvoker.java:584)\r\n\tat org.testng.internal.TestInvoker.invokeTestMethod(TestInvoker.java:172)\r\n\tat org.testng.internal.MethodRunner.runInSequence(MethodRunner.java:46)\r\n\tat org.testng.internal.TestInvoker$MethodInvocationAgent.invoke(TestInvoker.java:804)\r\n\tat org.testng.internal.TestInvoker.invokeTestMethods(TestInvoker.java:145)\r\n\tat org.testng.internal.TestMethodWorker.invokeTestMethods(TestMethodWorker.java:146)\r\n\tat org.testng.internal.TestMethodWorker.run(TestMethodWorker.java:128)\r\n\tat java.util.ArrayList.forEach(ArrayList.java:1257)\r\n\tat org.testng.TestRunner.privateRun(TestRunner.java:770)\r\n\tat org.testng.TestRunner.run(TestRunner.java:591)\r\n\tat org.testng.SuiteRunner.runTest(SuiteRunner.java:402)\r\n\tat org.testng.SuiteRunner.runSequentially(SuiteRunner.java:396)\r\n\tat org.testng.SuiteRunner.privateRun(SuiteRunner.java:355)\r\n\tat org.testng.SuiteRunner.run(SuiteRunner.java:304)\r\n\tat org.testng.SuiteRunnerWorker.runSuite(SuiteRunnerWorker.java:53)\r\n\tat org.testng.SuiteRunnerWorker.run(SuiteRunnerWorker.java:96)\r\n\tat org.testng.TestNG.runSuitesSequentially(TestNG.java:1180)\r\n\tat org.testng.TestNG.runSuitesLocally(TestNG.java:1102)\r\n\tat org.testng.TestNG.runSuites(TestNG.java:1032)\r\n\tat org.testng.TestNG.run(TestNG.java:1000)\r\n\tat org.apache.maven.surefire.testng.TestNGExecutor.run(TestNGExecutor.java:135)\r\n\tat org.apache.maven.surefire.testng.TestNGDirectoryTestSuite.executeSingleClass(TestNGDirectoryTestSuite.java:112)\r\n\tat org.apache.maven.surefire.testng.TestNGDirectoryTestSuite.execute(TestNGDirectoryTestSuite.java:99)\r\n\tat org.apache.maven.surefire.testng.TestNGProvider.invoke(TestNGProvider.java:146)\r\n\tat org.apache.maven.surefire.booter.ForkedBooter.invokeProviderInSameClassLoader(ForkedBooter.java:384)\r\n\tat org.apache.maven.surefire.booter.ForkedBooter.runSuitesInProcess(ForkedBooter.java:345)\r\n\tat org.apache.maven.surefire.booter.ForkedBooter.execute(ForkedBooter.java:126)\r\n\tat org.apache.maven.surefire.booter.ForkedBooter.main(ForkedBooter.java:418)\r\n"},"stage":"finished","steps":[{"name":"checkSumStep","status":"passed","stage":"finished","steps":[],"attachments":[],"parameters":[{"name":"num1","value":"3"},{"name":"num2","value":"2"},{"name":"expectedSum","value":"5"}],"start":1568821035592,"stop":1568821035601},{"name":"checkSumStep","status":"failed","statusDetails":{"known":false,"muted":false,"flaky":false,"message":"Ð¡ÑƒÐ¼Ð¼Ð° Ñ�Ð»Ð°Ð³Ð°ÐµÐ¼Ñ‹Ñ… Ð½Ðµ Ñ�Ð¾Ð¾Ñ‚Ð²ÐµÑ‚Ñ�Ñ‚Ð²ÑƒÐµÑ‚ Ð¾Ð¶Ð¸Ð´Ð°ÐµÐ¼Ð¾Ð¼Ñƒ Ð·Ð½Ð°Ñ‡ÐµÐ½Ð¸ÑŽ did not expect to find [true] but found [false]","trace":"java.lang.AssertionError: Ð¡ÑƒÐ¼Ð¼Ð° Ñ�Ð»Ð°Ð³Ð°ÐµÐ¼Ñ‹Ñ… Ð½Ðµ Ñ�Ð¾Ð¾Ñ‚Ð²ÐµÑ‚Ñ�Ñ‚Ð²ÑƒÐµÑ‚ Ð¾Ð¶Ð¸Ð´Ð°ÐµÐ¼Ð¾Ð¼Ñƒ Ð·Ð½Ð°Ñ‡ÐµÐ½Ð¸ÑŽ did not expect to find [true] but found [false]\r\n\tat org.testng.Assert.fail(Assert.java:97)\r\n\tat org.testng.Assert.failNotEquals(Assert.java:969)\r\n\tat org.testng.Assert.assertTrue(Assert.java:43)\r\n\tat allure.checkSumStep(allure.java:22)\r\n\tat allure.testForSum(allure.java:18)\r\n\tat sun.reflect.NativeMethodAccessorImpl.invoke0(Native Method)\r\n\tat sun.reflect.NativeMethodAccessorImpl.invoke(NativeMethodAccessorImpl.java:62)\r\n\tat sun.reflect.DelegatingMethodAccessorImpl.invoke(DelegatingMethodAccessorImpl.java:43)\r\n\tat java.lang.reflect.Method.invoke(Method.java:498)\r\n\tat org.testng.internal.MethodInvocationHelper.invokeMethod(MethodInvocationHelper.java:133)\r\n\tat org.testng.internal.TestInvoker.invokeMethod(TestInvoker.java:584)\r\n\tat org.testng.internal.TestInvoker.invokeTestMethod(TestInvoker.java:172)\r\n\tat org.testng.internal.MethodRunner.runInSequence(MethodRunner.java:46)\r\n\tat org.testng.internal.TestInvoker$MethodInvocationAgent.invoke(TestInvoker.java:804)\r\n\tat org.testng.internal.TestInvoker.invokeTestMethods(TestInvoker.java:145)\r\n\tat org.testng.internal.TestMethodWorker.invokeTestMethods(TestMethodWorker.java:146)\r\n\tat org.testng.internal.TestMethodWorker.run(TestMethodWorker.java:128)\r\n\tat java.util.ArrayList.forEach(ArrayList.java:1257)\r\n\tat org.testng.TestRunner.privateRun(TestRunner.java:770)\r\n\tat org.testng.TestRunner.run(TestRunner.java:591)\r\n\tat org.testng.SuiteRunner.runTest(SuiteRunner.java:402)\r\n\tat org.testng.SuiteRunner.runSequentially(SuiteRunner.java:396)\r\n\tat org.testng.SuiteRunner.privateRun(SuiteRunner.java:355)\r\n\tat org.testng.SuiteRunner.run(SuiteRunner.java:304)\r\n\tat org.testng.SuiteRunnerWorker.runSuite(SuiteRunnerWorker.java:53)\r\n\tat org.testng.SuiteRunnerWorker.run(SuiteRunnerWorker.java:96)\r\n\tat org.testng.TestNG.runSuitesSequentially(TestNG.java:1180)\r\n\tat org.testng.TestNG.runSuitesLocally(TestNG.java:1102)\r\n\tat org.testng.TestNG.runSuites(TestNG.java:1032)\r\n\tat org.testng.TestNG.run(TestNG.java:1000)\r\n\tat org.apache.maven.surefire.testng.TestNGExecutor.run(TestNGExecutor.java:135)\r\n\tat org.apache.maven.surefire.testng.TestNGDirectoryTestSuite.executeSingleClass(TestNGDirectoryTestSuite.java:112)\r\n\tat org.apache.maven.surefire.testng.TestNGDirectoryTestSuite.execute(TestNGDirectoryTestSuite.java:99)\r\n\tat org.apache.maven.surefire.testng.TestNGProvider.invoke(TestNGProvider.java:146)\r\n\tat org.apache.maven.surefire.booter.ForkedBooter.invokeProviderInSameClassLoader(ForkedBooter.java:384)\r\n\tat org.apache.maven.surefire.booter.ForkedBooter.runSuitesInProcess(ForkedBooter.java:345)\r\n\tat org.apache.maven.surefire.booter.ForkedBooter.execute(ForkedBooter.java:126)\r\n\tat org.apache.maven.surefire.booter.ForkedBooter.main(ForkedBooter.java:418)\r\n"},"stage":"finished","steps":[],"attachments":[],"parameters":[{"name":"num1","value":"5"},{"name":"num2","value":"4"},{"name":"expectedSum","value":"8"}],"start":1568821035602,"stop":1568821035603}],"attachments":[{"name":"attachString","source":"7fb3eff0-ef30-49e1-922c-fed89308219a-attachment"}],"parameters":[],"start":1568821035406,"stop":1568821035603,"uuid":"a3dd832a-a512-40bf-b4a5-d661f634bec0","historyId":"be52632ebcc7fbe0d261b0eef621fdb3","fullName":"allure.testForSum","labels":[{"name":"package","value":"allure"},{"name":"testClass","value":"allure"},{"name":"testMethod","value":"testForSum"},{"name":"parentSuite","value":"Surefire suite"},{"name":"suite","value":"Surefire test"},{"name":"subSuite","value":"allure"},{"name":"host","value":"IEVL217"},{"name":"thread","value":"14708@IEVL217.main(1)"},{"name":"framework","value":"testng"},{"name":"language","value":"java"}],"links":[]}